Started by user [8mha:////4FAMTZcYqTXXPDWs2xVOd5xq3rAhxp/QA4cL7iSsKXpAAAAAmB+LCAAAAAAAAP9b85aBtbiIQTGjNKU4P08vOT+vOD8nVc83PyU1x6OyILUoJzMv2y+/JJUBAhiZGBgqihhk0NSjKDWzXb3RdlLBUSYGJk8GtpzUvPSSDB8G5tKinBIGIZ+sxLJE/ZzEvHT94JKizLx0a6BxUmjGOUNodHsLgAy+EgYe/dLi1CL93MSM3NIUAEa5nOTBAAAA[0mMahmudul Islam
Running as SYSTEM
Building in workspace D:\Jenkins\Jenkins_Home\.jenkins\workspace\Test_QAOPS_project
[Test_QAOPS_project] $ cmd /c call C:\Users\SJDHAK~1.DES\AppData\Local\Temp\jenkins592219555262824384.bat

D:\Jenkins\Jenkins_Home\.jenkins\workspace\Test_QAOPS_project>cd D:\QAOPS_DEMO\Test_Demo 

D:\QAOPS_DEMO\Test_Demo>python -m pytest tests\test_greeting_page.py --html=report.html 
============================= test session starts =============================
platform win32 -- Python 3.12.0, pytest-7.4.3, pluggy-1.3.0
rootdir: D:\QAOPS_DEMO\Test_Demo
plugins: html-4.1.0, metadata-3.0.0
collected 3 items

tests\test_greeting_page.py .F.                                          [100%]

================================== FAILURES ===================================
_____ test_greeting_page[-file:///D:/QAOPS_DEMO/Website_demo/index.html] ______

browser = <selenium.webdriver.chrome.webdriver.WebDriver (session="5714a6bb754c20b69f487c0f14521e83")>
url = 'file:///D:/QAOPS_DEMO/Website_demo/index.html', name = ''

    @pytest.mark.parametrize("url", ["file:///D:/QAOPS_DEMO/Website_demo/index.html",])
    @pytest.mark.parametrize("name", ["John", "", "Jack",])
    def test_greeting_page(browser, url, name):
        greeting_actions = GreetingActions(browser)
    
        greeting_actions.get_to_page(url)
        time.sleep(2)
    
        greeting_actions.submit_name(name)
        time.sleep(2)
    
        actual_greeting = greeting_actions.get_greeting()
        expected_greeting = f"Hello, {name}!"
    
        if name != "":
            assert actual_greeting == expected_greeting
        else:
>           assert actual_greeting == "" and expected_greeting != "Hello, !"
E           AssertionError: assert ('Hello, !' == ''
E             + Hello, !)

tests\test_greeting_page.py:34: AssertionError
----- Generated html report: file:///D:/QAOPS_DEMO/Test_Demo/report.html ------
=========================== short test summary info ===========================
FAILED tests/test_greeting_page.py::test_greeting_page[-file:///D:/QAOPS_DEMO/Website_demo/index.html] - AssertionError: assert ('Hello, !' == ''
  + Hello, !)
======================== 1 failed, 2 passed in 36.15s =========================

D:\QAOPS_DEMO\Test_Demo>exit 1 
Build step 'Execute Windows batch command' marked build as failure
Finished: FAILURE
